<?xml version="1.0" encoding="UTF-8"?>
<!-- Generated by org.testng.reporters.JUnitXMLReporter -->
<testsuite hostname="Vipul-PC" ignored="0" name="Test" tests="4" failures="0" timestamp="19 May 2017 18:44:26 GMT" time="89.247" errors="0">
  <testcase name="createCustomerTest" time="10.396" classname="com.actitime.scripts.TaskTest"/>
  <testcase name="deleteCustomerTest" time="10.215" classname="com.actitime.scripts.TaskTest"/>
  <testcase name="validLoginTest" time="6.95" classname="com.actitime.scripts.LoginTest"/>
  <testcase name="invalidLoginTest" time="4.2" classname="com.actitime.scripts.LoginTest"/>
</testsuite> <!-- Test -->
